CREATE EXTENSION tcle;
SELECT tcle_set_passphrase('my secret passphrase');
 tcle_set_passphrase 
---------------------
 t
(1 row)

-- Test CREATE TABLE statement and implicit casts
CREATE TABLE t (p INTEGER, n ENCRYPT_NUMERIC, l ENCRYPT_TEXT, d ENCRYPT_TIMESTAMPTZ) USING tcleam;
INSERT INTO t SELECT i, i * 2, 'Text input number '||i, '2020-06-23 22:56:50'::TIMESTAMPTZ + make_interval(days => i) FROM generate_series(1, 10) i;
SELECT COUNT(*) FROM t;
 count 
-------
    10
(1 row)

SELECT p, n, l, d FROM t WHERE n = 6;
 p | n |          l          |              d               
---+---+---------------------+------------------------------
 3 | 6 | Text input number 3 | Fri Jun 26 22:56:50 2020 PDT
(1 row)

-- Test UPDATE statement
UPDATE t SET l = 'Updated text' WHERE n = 6;
SELECT COUNT(*) FROM t WHERE l ILIKE '%updated%';
 count 
-------
     1
(1 row)

-- Test VACUM FULL
VACUUM FULL t;
SELECT * FROM t WHERE l ILIKE '%updated%';
 p | n |      l       |              d               
---+---+--------------+------------------------------
 3 | 6 | Updated text | Fri Jun 26 22:56:50 2020 PDT
(1 row)

-- Test CREATE TABLE AS statement
CREATE TABLE t2 (n, l, d) USING tcleam AS SELECT n, l, d FROM t WHERE n > 6;
SELECT * FROM t2;
 n  |          l           |              d               
----+----------------------+------------------------------
 8  | Text input number 4  | Sat Jun 27 22:56:50 2020 PDT
 10 | Text input number 5  | Sun Jun 28 22:56:50 2020 PDT
 12 | Text input number 6  | Mon Jun 29 22:56:50 2020 PDT
 14 | Text input number 7  | Tue Jun 30 22:56:50 2020 PDT
 16 | Text input number 8  | Wed Jul 01 22:56:50 2020 PDT
 18 | Text input number 9  | Thu Jul 02 22:56:50 2020 PDT
 20 | Text input number 10 | Fri Jul 03 22:56:50 2020 PDT
(7 rows)

-- After t2 been dropped, attached record from KMS table should have been
-- deleted
DROP TABLE t2;
SELECT COUNT(*) FROM tcle_table_keys WHERE relname = 't2';
 count 
-------
     0
(1 row)

-- Test row access by index scan
CREATE TABLE t_i (i INTEGER PRIMARY KEY, l ENCRYPT_TEXT) USING tcleam;
INSERT INTO t_i SELECT n, 'Message n°'||n FROM generate_series(1, 10) n;
SET enable_seqscan TO off;
SELECT * FROM t_i WHERE i = 5;
 i |      l      
---+-------------
 5 | Message n°5
(1 row)

-- Setting a new passphrase when a master key is already in use should raise
-- an error
SELECT tcle_set_passphrase('wrong secret passphrase');
ERROR:  tcle: another database master key is in use
